Build started 2/9/2015 1:42:50 PM.
     1>Project "C:\Users\salim\Documents\Visual Studio 2013\Projects\Project2\Mytrivia\Project2\Project2.vcxproj" on node 2 (Build target(s)).
     1>ClCompile:
         C:\Program Files (x86)\Microsoft Visual Studio 12.0\VC\bin\CL.exe /c /ZI /nologo /W3 /WX- /sdl /Od /Oy- /D _MBCS /Gm /EHsc /RTC1 /MDd /GS /fp:precise /Zc:wchar_t /Zc:forScope /Fo"Debug\\" /Fd"Debug\vc120.pdb" /Gd /TP /analyze- /errorReport:prompt main.cpp
     1>cl : Command line warning D9028: minimal rebuild failure, reverting to normal build
         main.cpp
     1>c:\users\salim\documents\visual studio 2013\projects\project2\mytrivia\project2\questions.h(22): error C2374: 'quest11c' : redefinition; multiple initialization
                 c:\users\salim\documents\visual studio 2013\projects\project2\mytrivia\project2\questions.h(11) : see declaration of 'quest11c'
     1>c:\users\salim\documents\visual studio 2013\projects\project2\mytrivia\project2\main.cpp(114): warning C4554: '|' : check operator precedence for possible error; use parentheses to clarify precedence
     1>Done Building Project "C:\Users\salim\Documents\Visual Studio 2013\Projects\Project2\Mytrivia\Project2\Project2.vcxproj" (Build target(s)) -- FAILED.

Build FAILED.

Time Elapsed 00:00:02.35
